<?xml version="1.0" encoding="UTF-8"?>
<testsuite name="com.example.portfolioappprog5resit.unitTests.StockApiControllerUnitTest" tests="3" skipped="0" failures="0" errors="0" timestamp="2025-08-23T18:52:46.341Z" hostname="2a02-1810-2f1b-b200-9a85-6b41-7117-e6b6.ip6.access.telenet.be" time="0.046">
  <properties/>
  <testcase name="delete_unknownId_returns404_andDoesNotCallDelete()" classname="com.example.portfolioappprog5resit.unitTests.StockApiControllerUnitTest" time="0.019"/>
  <testcase name="delete_asStranger_serviceThrowsAccessDenied_returns403()" classname="com.example.portfolioappprog5resit.unitTests.StockApiControllerUnitTest" time="0.013"/>
  <testcase name="delete_asOwner_success_returns204_andInvokesService()" classname="com.example.portfolioappprog5resit.unitTests.StockApiControllerUnitTest" time="0.012"/>
  <system-out><![CDATA[2025-08-23T20:52:45.775+02:00  INFO 60489 --- [portfolioapp-prog5-resit] [    Test worker] t.c.s.AnnotationConfigContextLoaderUtils : Could not detect default configuration classes for test class [com.example.portfolioappprog5resit.unitTests.StockApiControllerUnitTest]: StockApiControllerUnitTest does not declare any static, non-private, non-final, nested classes annotated with @Configuration.
2025-08-23T20:52:45.806+02:00  INFO 60489 --- [portfolioapp-prog5-resit] [    Test worker] .b.t.c.SpringBootTestContextBootstrapper : Found @SpringBootConfiguration com.example.portfolioappprog5resit.PortfolioappProg5ResitApplication for test class com.example.portfolioappprog5resit.unitTests.StockApiControllerUnitTest

  .   ____          _            __ _ _
 /\\ / ___'_ __ _ _(_)_ __  __ _ \ \ \ \
( ( )\___ | '_ | '_| | '_ \/ _` | \ \ \ \
 \\/  ___)| |_)| | | | | || (_| |  ) ) ) )
  '  |____| .__|_| |_|_| |_\__, | / / / /
 =========|_|==============|___/=/_/_/_/

 :: Spring Boot ::                (v3.5.4)

2025-08-23T20:52:45.838+02:00  INFO 60489 --- [portfolioapp-prog5-resit] [    Test worker] c.e.p.u.StockApiControllerUnitTest       : Starting StockApiControllerUnitTest using Java 17.0.16 with PID 60489 (started by shardee_ in /home/shardee_/KDG/portfolio-app-web)
2025-08-23T20:52:45.838+02:00 DEBUG 60489 --- [portfolioapp-prog5-resit] [    Test worker] c.e.p.u.StockApiControllerUnitTest       : Running with Spring Boot v3.5.4, Spring v6.2.9
2025-08-23T20:52:45.838+02:00  INFO 60489 --- [portfolioapp-prog5-resit] [    Test worker] c.e.p.u.StockApiControllerUnitTest       : No active profile set, falling back to 1 default profile: "default"
2025-08-23T20:52:46.172+02:00 DEBUG 60489 --- [portfolioapp-prog5-resit] [    Test worker] .h.v.m.ResourceBundleMessageInterpolator : Loaded expression factory via original TCCL
2025-08-23T20:52:46.173+02:00 DEBUG 60489 --- [portfolioapp-prog5-resit] [    Test worker] o.h.v.i.e.AbstractConfigurationImpl      : Setting custom MessageInterpolator of type org.springframework.validation.beanvalidation.LocaleContextMessageInterpolator
2025-08-23T20:52:46.173+02:00 DEBUG 60489 --- [portfolioapp-prog5-resit] [    Test worker] o.h.v.i.e.AbstractConfigurationImpl      : Setting custom ConstraintValidatorFactory of type org.springframework.validation.beanvalidation.SpringConstraintValidatorFactory
2025-08-23T20:52:46.174+02:00 DEBUG 60489 --- [portfolioapp-prog5-resit] [    Test worker] o.h.v.i.xml.config.ValidationXmlParser   : Trying to load META-INF/validation.xml for XML based Validator configuration.
2025-08-23T20:52:46.174+02:00 DEBUG 60489 --- [portfolioapp-prog5-resit] [    Test worker] o.h.v.i.xml.config.ResourceLoaderHelper  : Trying to load META-INF/validation.xml via user class loader
2025-08-23T20:52:46.174+02:00 DEBUG 60489 --- [portfolioapp-prog5-resit] [    Test worker] o.h.v.i.xml.config.ResourceLoaderHelper  : Trying to load META-INF/validation.xml via TCCL
2025-08-23T20:52:46.174+02:00 DEBUG 60489 --- [portfolioapp-prog5-resit] [    Test worker] o.h.v.i.xml.config.ResourceLoaderHelper  : Trying to load META-INF/validation.xml via Hibernate Validator's class loader
2025-08-23T20:52:46.174+02:00 DEBUG 60489 --- [portfolioapp-prog5-resit] [    Test worker] o.h.v.i.xml.config.ValidationXmlParser   : No META-INF/validation.xml found. Using annotation based configuration only.
2025-08-23T20:52:46.174+02:00 DEBUG 60489 --- [portfolioapp-prog5-resit] [    Test worker] o.h.v.i.e.resolver.TraversableResolvers  : Found jakarta.persistence.Persistence on classpath containing 'getPersistenceUtil'. Assuming JPA 2 environment. Trying to instantiate JPA aware TraversableResolver
2025-08-23T20:52:46.174+02:00 DEBUG 60489 --- [portfolioapp-prog5-resit] [    Test worker] o.h.v.i.e.resolver.TraversableResolvers  : Instantiated JPA aware TraversableResolver of type org.hibernate.validator.internal.engine.resolver.JPATraversableResolver.
2025-08-23T20:52:46.176+02:00 DEBUG 60489 --- [portfolioapp-prog5-resit] [    Test worker] .i.e.ValidatorFactoryConfigurationHelper : HV000252: Using org.hibernate.validator.internal.engine.DefaultPropertyNodeNameProvider as property node name provider.
2025-08-23T20:52:46.176+02:00 DEBUG 60489 --- [portfolioapp-prog5-resit] [    Test worker] .i.e.ValidatorFactoryConfigurationHelper : HV000234: Using org.springframework.validation.beanvalidation.LocaleContextMessageInterpolator as ValidatorFactory-scoped message interpolator.
2025-08-23T20:52:46.176+02:00 DEBUG 60489 --- [portfolioapp-prog5-resit] [    Test worker] .i.e.ValidatorFactoryConfigurationHelper : HV000234: Using org.hibernate.validator.internal.engine.resolver.JPATraversableResolver as ValidatorFactory-scoped traversable resolver.
2025-08-23T20:52:46.176+02:00 DEBUG 60489 --- [portfolioapp-prog5-resit] [    Test worker] .i.e.ValidatorFactoryConfigurationHelper : HV000234: Using org.hibernate.validator.internal.util.ExecutableParameterNameProvider as ValidatorFactory-scoped parameter name provider.
2025-08-23T20:52:46.176+02:00 DEBUG 60489 --- [portfolioapp-prog5-resit] [    Test worker] .i.e.ValidatorFactoryConfigurationHelper : HV000234: Using org.hibernate.validator.internal.engine.DefaultClockProvider as ValidatorFactory-scoped clock provider.
2025-08-23T20:52:46.176+02:00 DEBUG 60489 --- [portfolioapp-prog5-resit] [    Test worker] .i.e.ValidatorFactoryConfigurationHelper : HV000234: Using org.hibernate.validator.internal.engine.scripting.DefaultScriptEvaluatorFactory as ValidatorFactory-scoped script evaluator factory.
2025-08-23T20:52:46.288+02:00  WARN 60489 --- [portfolioapp-prog5-resit] [    Test worker] .s.s.UserDetailsServiceAutoConfiguration : 

Using generated security password: f21bfd3e-9670-49cc-aa97-d39651c8ec8e

This generated password is for development use only. Your security configuration must be updated before running your application in production.

2025-08-23T20:52:46.291+02:00  INFO 60489 --- [portfolioapp-prog5-resit] [    Test worker] r$InitializeUserDetailsManagerConfigurer : Global AuthenticationManager configured with UserDetailsService bean with name inMemoryUserDetailsManager
2025-08-23T20:52:46.321+02:00  INFO 60489 --- [portfolioapp-prog5-resit] [    Test worker] o.s.b.t.m.w.SpringBootMockServletContext : Initializing Spring TestDispatcherServlet ''
2025-08-23T20:52:46.321+02:00  INFO 60489 --- [portfolioapp-prog5-resit] [    Test worker] o.s.t.web.servlet.TestDispatcherServlet  : Initializing Servlet ''
2025-08-23T20:52:46.322+02:00  INFO 60489 --- [portfolioapp-prog5-resit] [    Test worker] o.s.t.web.servlet.TestDispatcherServlet  : Completed initialization in 1 ms
2025-08-23T20:52:46.336+02:00  INFO 60489 --- [portfolioapp-prog5-resit] [    Test worker] c.e.p.u.StockApiControllerUnitTest       : Started StockApiControllerUnitTest in 0.526 seconds (process running for 15.744)
2025-08-23T20:52:46.353+02:00  INFO 60489 --- [portfolioapp-prog5-resit] [    Test worker] c.e.p.api.StockApiController             : [API] DELETE /api/stocks/9999 by owner
2025-08-23T20:52:46.368+02:00  INFO 60489 --- [portfolioapp-prog5-resit] [    Test worker] c.e.p.api.StockApiController             : [API] DELETE /api/stocks/1 by owner
2025-08-23T20:52:46.382+02:00  INFO 60489 --- [portfolioapp-prog5-resit] [    Test worker] c.e.p.api.StockApiController             : [API] DELETE /api/stocks/1 by owner
]]></system-out>
  <system-err><![CDATA[]]></system-err>
</testsuite>
